

Microchip Technology PIC18 LITE Macro Assembler V1.41 build -162212810 
                                                                                               Wed May 24 14:45:35 2017

Microchip Technology Omniscient Code Generator v1.41 (Free mode) build 201701250102
     1                           	processor	18F87K90
     2                           	fnconf	rparam,??,?,0
     3                           	opt	pw 120
     4                           	opt	lm
     5                           	psect	cinit,global,reloc=2,class=CODE,delta=1
     6                           	psect	cstackCOMRAM,global,class=COMRAM,space=1,delta=1,noexec
     7                           	psect	text0,global,reloc=2,class=CODE,delta=1
     8                           	psect	text1,global,reloc=2,class=CODE,delta=1
     9                           	psect	text2,global,reloc=2,class=CODE,delta=1
    10                           	psect	text3,global,reloc=2,class=CODE,delta=1
    11                           	psect	text4,global,reloc=2,class=CODE,delta=1
    12                           	psect	text5,global,reloc=2,class=CODE,delta=1
    13                           	psect	intcode,global,reloc=2,class=CODE,delta=1
    14                           	psect	intsave_regs,global,class=BIGRAM,space=1,delta=1,noexec
    15                           	psect	rparam,global,class=COMRAM,space=1,delta=1,noexec
    16                           	psect	temp,global,ovrld,common,class=COMRAM,space=1,delta=1
    17  0000                     
    18                           ; Version 1.41
    19                           ; Generated 25/01/2017 GMT
    20                           ; 
    21                           ; Copyright © 2017, Microchip Technology Inc. and its subsidiaries ("Microchip")
    22                           ; All rights reserved.
    23                           ; 
    24                           ; This software is developed by Microchip Technology Inc. and its subsidiaries ("Microch
      +                          ip").
    25                           ; 
    26                           ; Redistribution and use in source and binary forms, with or without modification, are
    27                           ; permitted provided that the following conditions are met:
    28                           ; 
    29                           ;     1. Redistributions of source code must retain the above copyright notice, this lis
      +                          t of
    30                           ;        conditions and the following disclaimer.
    31                           ; 
    32                           ;     2. Redistributions in binary form must reproduce the above copyright notice, this 
      +                          list
    33                           ;        of conditions and the following disclaimer in the documentation and/or other
    34                           ;        materials provided with the distribution.
    35                           ; 
    36                           ;     3. Microchip's name may not be used to endorse or promote products derived from th
      +                          is
    37                           ;        software without specific prior written permission.
    38                           ; 
    39                           ; THIS SOFTWARE IS PROVIDED BY MICROCHIP "AS IS" AND ANY EXPRESS OR IMPLIED WARRANTIES,
    40                           ; INCLUDING, BUT NOT LIMITED TO, THE IMPLIED WARRANTIES OF MERCHANTABILITY AND FITNESS F
      +                          OR
    41                           ; PURPOSE ARE DISCLAIMED.  IN NO EVENT SHALL MICROCHIP BE LIABLE FOR ANY DIRECT, INDIREC
      +                          T,
    42                           ; INCIDENTAL, SPECIAL, EXEMPLARY, OR CONSEQUENTIAL DAMAGES (INCLUDING BUT NOT LIMITED TO
    43                           ; PROCUREMENT OF SUBSTITUTE GOODS OR SERVICES; LOSS OF USE, DATA OR PROFITS; OR BUSINESS
    44                           ; INTERRUPTION) HOWSOEVER CAUSED AND ON ANY THEORY OF LIABILITY, WHETHER IN CONTRACT, ST
      +                          RICT
    45                           ; LIABILITY, OR TORT (INCLUDING NEGLIGENCE OR OTHERWISE) ARISING IN ANY WAY OUT OF THE U
      +                          SE OF
    46                           ; THIS SOFTWARE, EVEN IF ADVISED OF THE POSSIBILITY OF SUCH DAMAGE.
    47                           ; 
    48                           ; 
    49                           ; Code-generator required, PIC18F87K90 Definitions
    50                           ; 
    51                           ; SFR Addresses
    52  0000                     _T0CONbits	set	4053
    53  0000                     _TMR0L	set	4054
    54  0000                     _TMR0H	set	4055
    55  0000                     _TRISAbits	set	3986
    56  0000                     _PORTAbits	set	3968
    57  0000                     _INTCONbits	set	4082
    58                           
    59                           ; #config settings
    60  0000                     
    61                           	psect	cinit
    62  0000BE                     __pcinit:
    63                           	opt stack 0
    64  0000BE                     start_initialization:
    65                           	opt stack 0
    66  0000BE                     __initialization:
    67                           	opt stack 0
    68  0000BE                     end_of_initialization:
    69                           	opt stack 0
    70  0000BE                     __end_of__initialization:
    71                           	opt stack 0
    72  0000BE  9010               	bcf	int$flags,0,c	;clear compiler interrupt flag (level 1)
    73  0000C0  9210               	bcf	int$flags,1,c	;clear compiler interrupt flag (level 2)
    74  0000C2  0100               	movlb	0
    75  0000C4  EF44  F000         	goto	_main	;jump to C main() function
    76                           
    77                           	psect	cstackCOMRAM
    78  000001                     __pcstackCOMRAM:
    79                           	opt stack 0
    80  000001                     ??_ISR:
    81                           
    82                           ; 1 bytes @ 0x0
    83  000001                     	ds	14
    84  00000F                     configure_timer0_prescale_value@prescaleValue:
    85                           	opt stack 0
    86                           
    87                           ; 1 bytes @ 0xE
    88  00000F                     	ds	1
    89  000010                     
    90                           ; 1 bytes @ 0xF
    91 ;;
    92 ;;Main: autosize = 0, tempsize = 0, incstack = 0, save=0
    93 ;;
    94 ;; *************** function _main *****************
    95 ;; Defined at:
    96 ;;		line 101 in file "main.c"
    97 ;; Parameters:    Size  Location     Type
    98 ;;		None
    99 ;; Auto vars:     Size  Location     Type
   100 ;;		None
   101 ;; Return value:  Size  Location     Type
   102 ;;                  1    wreg      void 
   103 ;; Registers used:
   104 ;;		wreg, status,2, status,0, cstack
   105 ;; Tracked objects:
   106 ;;		On entry : 0/0
   107 ;;		On exit  : 0/0
   108 ;;		Unchanged: 0/0
   109 ;; Data sizes:     COMRAM   BANK0   BANK1   BANK2   BANK3   BANK4   BANK5   BANK6   BANK7   BANK8   BANK9  BANK10  BANK1
      +1  BANK12  BANK13  BANK14
   110 ;;      Params:         0       0       0       0       0       0       0       0       0       0       0       0       
      +0       0       0       0
   111 ;;      Locals:         0       0       0       0       0       0       0       0       0       0       0       0       
      +0       0       0       0
   112 ;;      Temps:          0       0       0       0       0       0       0       0       0       0       0       0       
      +0       0       0       0
   113 ;;      Totals:         0       0       0       0       0       0       0       0       0       0       0       0       
      +0       0       0       0
   114 ;;Total ram usage:        0 bytes
   115 ;; Hardware stack levels required when called:    2
   116 ;; This function calls:
   117 ;;		_configure_timer0_prescale_value
   118 ;;		_enable_timer0
   119 ;;		_enable_timer0_interrupt
   120 ;;		_led_init
   121 ;;		_timer0_init
   122 ;; This function is called by:
   123 ;;		Startup code after reset
   124 ;; This function uses a non-reentrant model
   125 ;;
   126                           
   127                           	psect	text0
   128  000088                     __ptext0:
   129                           	opt stack 0
   130  000088                     _main:
   131                           	opt stack 29
   132                           
   133                           ;main.c: 102: led_init();
   134                           
   135                           ;incstack = 0
   136  000088  EC67  F000         	call	_led_init	;wreg free
   137                           
   138                           ;main.c: 103: configure_timer0_prescale_value(0b000);
   139  00008C  0E00               	movlw	0
   140  00008E  EC58  F000         	call	_configure_timer0_prescale_value
   141                           
   142                           ;main.c: 104: timer0_init();
   143  000092  EC50  F000         	call	_timer0_init	;wreg free
   144                           
   145                           ;main.c: 105: enable_timer0_interrupt();
   146  000096  EC64  F000         	call	_enable_timer0_interrupt	;wreg free
   147                           
   148                           ;main.c: 106: enable_timer0();
   149  00009A  EC69  F000         	call	_enable_timer0	;wreg free
   150  00009E                     l25:
   151  00009E  D7FF               	goto	l25
   152  0000A0                     __end_of_main:
   153                           	opt stack 0
   154                           
   155 ;; *************** function _timer0_init *****************
   156 ;; Defined at:
   157 ;;		line 134 in file "main.c"
   158 ;; Parameters:    Size  Location     Type
   159 ;;		None
   160 ;; Auto vars:     Size  Location     Type
   161 ;;		None
   162 ;; Return value:  Size  Location     Type
   163 ;;                  1    wreg      void 
   164 ;; Registers used:
   165 ;;		wreg, status,2
   166 ;; Tracked objects:
   167 ;;		On entry : 0/0
   168 ;;		On exit  : 0/0
   169 ;;		Unchanged: 0/0
   170 ;; Data sizes:     COMRAM   BANK0   BANK1   BANK2   BANK3   BANK4   BANK5   BANK6   BANK7   BANK8   BANK9  BANK10  BANK1
      +1  BANK12  BANK13  BANK14
   171 ;;      Params:         0       0       0       0       0       0       0       0       0       0       0       0       
      +0       0       0       0
   172 ;;      Locals:         0       0       0       0       0       0       0       0       0       0       0       0       
      +0       0       0       0
   173 ;;      Temps:          0       0       0       0       0       0       0       0       0       0       0       0       
      +0       0       0       0
   174 ;;      Totals:         0       0       0       0       0       0       0       0       0       0       0       0       
      +0       0       0       0
   175 ;;Total ram usage:        0 bytes
   176 ;; Hardware stack levels used:    1
   177 ;; Hardware stack levels required when called:    1
   178 ;; This function calls:
   179 ;;		Nothing
   180 ;; This function is called by:
   181 ;;		_main
   182 ;; This function uses a non-reentrant model
   183 ;;
   184                           
   185                           	psect	text1
   186  0000A0                     __ptext1:
   187                           	opt stack 0
   188  0000A0                     _timer0_init:
   189                           	opt stack 29
   190                           
   191                           ;main.c: 137: TMR0H = TMR0L = 0;
   192                           
   193                           ;incstack = 0
   194  0000A0  0E00               	movlw	0
   195  0000A2  6ED6               	movwf	4054,c	;volatile
   196  0000A4  CFD6 FFD7          	movff	4054,4055	;volatile
   197                           
   198                           ;main.c: 140: T0CONbits.T08BIT = 1;
   199  0000A8  8CD5               	bsf	4053,6,c	;volatile
   200                           
   201                           ;main.c: 143: T0CONbits.T0CS = 0;
   202  0000AA  9AD5               	bcf	4053,5,c	;volatile
   203                           
   204                           ;main.c: 147: T0CONbits.PSA = 0;
   205  0000AC  96D5               	bcf	4053,3,c	;volatile
   206  0000AE  0012               	return		;funcret
   207  0000B0                     __end_of_timer0_init:
   208                           	opt stack 0
   209                           
   210 ;; *************** function _led_init *****************
   211 ;; Defined at:
   212 ;;		line 127 in file "main.c"
   213 ;; Parameters:    Size  Location     Type
   214 ;;		None
   215 ;; Auto vars:     Size  Location     Type
   216 ;;		None
   217 ;; Return value:  Size  Location     Type
   218 ;;                  1    wreg      void 
   219 ;; Registers used:
   220 ;;		None
   221 ;; Tracked objects:
   222 ;;		On entry : 0/0
   223 ;;		On exit  : 0/0
   224 ;;		Unchanged: 0/0
   225 ;; Data sizes:     COMRAM   BANK0   BANK1   BANK2   BANK3   BANK4   BANK5   BANK6   BANK7   BANK8   BANK9  BANK10  BANK1
      +1  BANK12  BANK13  BANK14
   226 ;;      Params:         0       0       0       0       0       0       0       0       0       0       0       0       
      +0       0       0       0
   227 ;;      Locals:         0       0       0       0       0       0       0       0       0       0       0       0       
      +0       0       0       0
   228 ;;      Temps:          0       0       0       0       0       0       0       0       0       0       0       0       
      +0       0       0       0
   229 ;;      Totals:         0       0       0       0       0       0       0       0       0       0       0       0       
      +0       0       0       0
   230 ;;Total ram usage:        0 bytes
   231 ;; Hardware stack levels used:    1
   232 ;; Hardware stack levels required when called:    1
   233 ;; This function calls:
   234 ;;		Nothing
   235 ;; This function is called by:
   236 ;;		_main
   237 ;; This function uses a non-reentrant model
   238 ;;
   239                           
   240                           	psect	text2
   241  0000CE                     __ptext2:
   242                           	opt stack 0
   243  0000CE                     _led_init:
   244                           	opt stack 29
   245                           
   246                           ;main.c: 129: TRISAbits.TRISA0 = 0;
   247                           
   248                           ;incstack = 0
   249  0000CE  9092               	bcf	3986,0,c	;volatile
   250  0000D0  0012               	return		;funcret
   251  0000D2                     __end_of_led_init:
   252                           	opt stack 0
   253                           
   254 ;; *************** function _enable_timer0_interrupt *****************
   255 ;; Defined at:
   256 ;;		line 164 in file "main.c"
   257 ;; Parameters:    Size  Location     Type
   258 ;;		None
   259 ;; Auto vars:     Size  Location     Type
   260 ;;		None
   261 ;; Return value:  Size  Location     Type
   262 ;;                  1    wreg      void 
   263 ;; Registers used:
   264 ;;		None
   265 ;; Tracked objects:
   266 ;;		On entry : 0/0
   267 ;;		On exit  : 0/0
   268 ;;		Unchanged: 0/0
   269 ;; Data sizes:     COMRAM   BANK0   BANK1   BANK2   BANK3   BANK4   BANK5   BANK6   BANK7   BANK8   BANK9  BANK10  BANK1
      +1  BANK12  BANK13  BANK14
   270 ;;      Params:         0       0       0       0       0       0       0       0       0       0       0       0       
      +0       0       0       0
   271 ;;      Locals:         0       0       0       0       0       0       0       0       0       0       0       0       
      +0       0       0       0
   272 ;;      Temps:          0       0       0       0       0       0       0       0       0       0       0       0       
      +0       0       0       0
   273 ;;      Totals:         0       0       0       0       0       0       0       0       0       0       0       0       
      +0       0       0       0
   274 ;;Total ram usage:        0 bytes
   275 ;; Hardware stack levels used:    1
   276 ;; Hardware stack levels required when called:    1
   277 ;; This function calls:
   278 ;;		Nothing
   279 ;; This function is called by:
   280 ;;		_main
   281 ;; This function uses a non-reentrant model
   282 ;;
   283                           
   284                           	psect	text3
   285  0000C8                     __ptext3:
   286                           	opt stack 0
   287  0000C8                     _enable_timer0_interrupt:
   288                           	opt stack 29
   289                           
   290                           ;main.c: 166: INTCONbits.GIE = 1;
   291                           
   292                           ;incstack = 0
   293  0000C8  8EF2               	bsf	intcon,7,c	;volatile
   294                           
   295                           ;main.c: 168: INTCONbits.TMR0IE = 1;
   296  0000CA  8AF2               	bsf	intcon,5,c	;volatile
   297  0000CC  0012               	return		;funcret
   298  0000CE                     __end_of_enable_timer0_interrupt:
   299                           	opt stack 0
   300                           intcon	equ	0xFF2
   301                           
   302 ;; *************** function _enable_timer0 *****************
   303 ;; Defined at:
   304 ;;		line 150 in file "main.c"
   305 ;; Parameters:    Size  Location     Type
   306 ;;		None
   307 ;; Auto vars:     Size  Location     Type
   308 ;;		None
   309 ;; Return value:  Size  Location     Type
   310 ;;                  1    wreg      void 
   311 ;; Registers used:
   312 ;;		None
   313 ;; Tracked objects:
   314 ;;		On entry : 0/0
   315 ;;		On exit  : 0/0
   316 ;;		Unchanged: 0/0
   317 ;; Data sizes:     COMRAM   BANK0   BANK1   BANK2   BANK3   BANK4   BANK5   BANK6   BANK7   BANK8   BANK9  BANK10  BANK1
      +1  BANK12  BANK13  BANK14
   318 ;;      Params:         0       0       0       0       0       0       0       0       0       0       0       0       
      +0       0       0       0
   319 ;;      Locals:         0       0       0       0       0       0       0       0       0       0       0       0       
      +0       0       0       0
   320 ;;      Temps:          0       0       0       0       0       0       0       0       0       0       0       0       
      +0       0       0       0
   321 ;;      Totals:         0       0       0       0       0       0       0       0       0       0       0       0       
      +0       0       0       0
   322 ;;Total ram usage:        0 bytes
   323 ;; Hardware stack levels used:    1
   324 ;; Hardware stack levels required when called:    1
   325 ;; This function calls:
   326 ;;		Nothing
   327 ;; This function is called by:
   328 ;;		_main
   329 ;; This function uses a non-reentrant model
   330 ;;
   331                           
   332                           	psect	text4
   333  0000D2                     __ptext4:
   334                           	opt stack 0
   335  0000D2                     _enable_timer0:
   336                           	opt stack 29
   337                           
   338                           ;main.c: 152: T0CONbits.TMR0ON = 1;
   339                           
   340                           ;incstack = 0
   341  0000D2  8ED5               	bsf	4053,7,c	;volatile
   342  0000D4  0012               	return		;funcret
   343  0000D6                     __end_of_enable_timer0:
   344                           	opt stack 0
   345                           intcon	equ	0xFF2
   346                           
   347 ;; *************** function _configure_timer0_prescale_value *****************
   348 ;; Defined at:
   349 ;;		line 160 in file "main.c"
   350 ;; Parameters:    Size  Location     Type
   351 ;;  prescaleValu    1    wreg     unsigned char 
   352 ;; Auto vars:     Size  Location     Type
   353 ;;  prescaleValu    1   14[COMRAM] unsigned char 
   354 ;; Return value:  Size  Location     Type
   355 ;;                  1    wreg      void 
   356 ;; Registers used:
   357 ;;		wreg, status,2, status,0
   358 ;; Tracked objects:
   359 ;;		On entry : 0/0
   360 ;;		On exit  : 0/0
   361 ;;		Unchanged: 0/0
   362 ;; Data sizes:     COMRAM   BANK0   BANK1   BANK2   BANK3   BANK4   BANK5   BANK6   BANK7   BANK8   BANK9  BANK10  BANK1
      +1  BANK12  BANK13  BANK14
   363 ;;      Params:         0       0       0       0       0       0       0       0       0       0       0       0       
      +0       0       0       0
   364 ;;      Locals:         1       0       0       0       0       0       0       0       0       0       0       0       
      +0       0       0       0
   365 ;;      Temps:          0       0       0       0       0       0       0       0       0       0       0       0       
      +0       0       0       0
   366 ;;      Totals:         1       0       0       0       0       0       0       0       0       0       0       0       
      +0       0       0       0
   367 ;;Total ram usage:        1 bytes
   368 ;; Hardware stack levels used:    1
   369 ;; Hardware stack levels required when called:    1
   370 ;; This function calls:
   371 ;;		Nothing
   372 ;; This function is called by:
   373 ;;		_main
   374 ;; This function uses a non-reentrant model
   375 ;;
   376                           
   377                           	psect	text5
   378  0000B0                     __ptext5:
   379                           	opt stack 0
   380  0000B0                     _configure_timer0_prescale_value:
   381                           	opt stack 29
   382                           
   383                           ;incstack = 0
   384                           ;configure_timer0_prescale_value@prescaleValue stored from wreg
   385  0000B0  6E0F               	movwf	configure_timer0_prescale_value@prescaleValue,c
   386                           
   387                           ;main.c: 161: T0CONbits.T0PS = prescaleValue;
   388  0000B2  50D5               	movf	4053,w,c	;volatile
   389  0000B4  180F               	xorwf	configure_timer0_prescale_value@prescaleValue,w,c
   390  0000B6  0BF8               	andlw	-8
   391  0000B8  180F               	xorwf	configure_timer0_prescale_value@prescaleValue,w,c
   392  0000BA  6ED5               	movwf	4053,c	;volatile
   393  0000BC  0012               	return		;funcret
   394  0000BE                     __end_of_configure_timer0_prescale_value:
   395                           	opt stack 0
   396                           intcon	equ	0xFF2
   397                           
   398 ;; *************** function _ISR *****************
   399 ;; Defined at:
   400 ;;		line 114 in file "main.c"
   401 ;; Parameters:    Size  Location     Type
   402 ;;		None
   403 ;; Auto vars:     Size  Location     Type
   404 ;;		None
   405 ;; Return value:  Size  Location     Type
   406 ;;                  1    wreg      void 
   407 ;; Registers used:
   408 ;;		wreg, status,2, status,0
   409 ;; Tracked objects:
   410 ;;		On entry : 0/0
   411 ;;		On exit  : 0/0
   412 ;;		Unchanged: 0/0
   413 ;; Data sizes:     COMRAM   BANK0   BANK1   BANK2   BANK3   BANK4   BANK5   BANK6   BANK7   BANK8   BANK9  BANK10  BANK1
      +1  BANK12  BANK13  BANK14
   414 ;;      Params:         0       0       0       0       0       0       0       0       0       0       0       0       
      +0       0       0       0
   415 ;;      Locals:         0       0       0       0       0       0       0       0       0       0       0       0       
      +0       0       0       0
   416 ;;      Temps:         14       0       0       0       0       0       0       0       0       0       0       0       
      +0       0       0       0
   417 ;;      Totals:        14       0       0       0       0       0       0       0       0       0       0       0       
      +0       0       0       0
   418 ;;Total ram usage:       14 bytes
   419 ;; Hardware stack levels used:    1
   420 ;; This function calls:
   421 ;;		Nothing
   422 ;; This function is called by:
   423 ;;		Interrupt level 2
   424 ;; This function uses a non-reentrant model
   425 ;;
   426                           
   427                           	psect	intcode
   428  000008                     __pintcode:
   429                           	opt stack 0
   430  000008                     _ISR:
   431                           	opt stack 29
   432                           
   433                           ;incstack = 0
   434  000008  8210               	bsf	btemp,1,c	;set compiler interrupt flag (level 2)
   435  00000A  CFFA F001          	movff	pclath,??_ISR
   436  00000E  CFFB F002          	movff	pclatu,??_ISR+1
   437  000012  CFE9 F003          	movff	fsr0l,??_ISR+2
   438  000016  CFEA F004          	movff	fsr0h,??_ISR+3
   439  00001A  CFE1 F005          	movff	fsr1l,??_ISR+4
   440  00001E  CFE2 F006          	movff	fsr1h,??_ISR+5
   441  000022  CFD9 F007          	movff	fsr2l,??_ISR+6
   442  000026  CFDA F008          	movff	fsr2h,??_ISR+7
   443  00002A  CFF3 F009          	movff	prodl,??_ISR+8
   444  00002E  CFF4 F00A          	movff	prodh,??_ISR+9
   445  000032  CFF6 F00B          	movff	tblptrl,??_ISR+10
   446  000036  CFF7 F00C          	movff	tblptrh,??_ISR+11
   447  00003A  CFF8 F00D          	movff	tblptru,??_ISR+12
   448  00003E  CFF5 F00E          	movff	tablat,??_ISR+13
   449                           
   450                           ;main.c: 117: if (INTCONbits.TMR0IF == 1) {
   451  000042  B4F2               	btfsc	intcon,2,c	;volatile
   452                           
   453                           ;main.c: 119: PORTAbits.RA0 ^= 1;
   454  000044  7080               	btg	3968,0,c	;volatile
   455                           
   456                           ;main.c: 120: }
   457                           ;main.c: 122: INTCONbits.TMR0IF = 0;
   458  000046  94F2               	bcf	intcon,2,c	;volatile
   459  000048  C00E  FFF5         	movff	??_ISR+13,tablat
   460  00004C  C00D  FFF8         	movff	??_ISR+12,tblptru
   461  000050  C00C  FFF7         	movff	??_ISR+11,tblptrh
   462  000054  C00B  FFF6         	movff	??_ISR+10,tblptrl
   463  000058  C00A  FFF4         	movff	??_ISR+9,prodh
   464  00005C  C009  FFF3         	movff	??_ISR+8,prodl
   465  000060  C008  FFDA         	movff	??_ISR+7,fsr2h
   466  000064  C007  FFD9         	movff	??_ISR+6,fsr2l
   467  000068  C006  FFE2         	movff	??_ISR+5,fsr1h
   468  00006C  C005  FFE1         	movff	??_ISR+4,fsr1l
   469  000070  C004  FFEA         	movff	??_ISR+3,fsr0h
   470  000074  C003  FFE9         	movff	??_ISR+2,fsr0l
   471  000078  C002  FFFB         	movff	??_ISR+1,pclatu
   472  00007C  C001  FFFA         	movff	??_ISR,pclath
   473  000080  9210               	bcf	btemp,1,c	;clear compiler interrupt flag (level 2)
   474  000082  0011               	retfie		f
   475  000084                     __end_of_ISR:
   476                           	opt stack 0
   477  0000                     pclatu	equ	0xFFB
   478                           pclath	equ	0xFFA
   479                           tblptru	equ	0xFF8
   480                           tblptrh	equ	0xFF7
   481                           tblptrl	equ	0xFF6
   482                           tablat	equ	0xFF5
   483                           prodh	equ	0xFF4
   484                           prodl	equ	0xFF3
   485                           intcon	equ	0xFF2
   486                           fsr0h	equ	0xFEA
   487                           fsr0l	equ	0xFE9
   488                           fsr1h	equ	0xFE2
   489                           fsr1l	equ	0xFE1
   490                           fsr2h	equ	0xFDA
   491                           fsr2l	equ	0xFD9
   492                           pclatu	equ	0xFFB
   493                           pclath	equ	0xFFA
   494                           tblptru	equ	0xFF8
   495                           tblptrh	equ	0xFF7
   496                           tblptrl	equ	0xFF6
   497                           tablat	equ	0xFF5
   498                           prodh	equ	0xFF4
   499                           prodl	equ	0xFF3
   500                           intcon	equ	0xFF2
   501                           fsr0h	equ	0xFEA
   502                           fsr0l	equ	0xFE9
   503                           fsr1h	equ	0xFE2
   504                           fsr1l	equ	0xFE1
   505                           fsr2h	equ	0xFDA
   506                           fsr2l	equ	0xFD9
   507                           
   508                           	psect	rparam
   509  0000                     pclatu	equ	0xFFB
   510                           pclath	equ	0xFFA
   511                           tblptru	equ	0xFF8
   512                           tblptrh	equ	0xFF7
   513                           tblptrl	equ	0xFF6
   514                           tablat	equ	0xFF5
   515                           prodh	equ	0xFF4
   516                           prodl	equ	0xFF3
   517                           intcon	equ	0xFF2
   518                           fsr0h	equ	0xFEA
   519                           fsr0l	equ	0xFE9
   520                           fsr1h	equ	0xFE2
   521                           fsr1l	equ	0xFE1
   522                           fsr2h	equ	0xFDA
   523                           fsr2l	equ	0xFD9
   524                           
   525                           	psect	temp
   526  000010                     btemp:
   527                           	opt stack 0
   528  000010                     	ds	1
   529  0000                     int$flags	set	btemp
   530                           pclatu	equ	0xFFB
   531                           pclath	equ	0xFFA
   532                           tblptru	equ	0xFF8
   533                           tblptrh	equ	0xFF7
   534                           tblptrl	equ	0xFF6
   535                           tablat	equ	0xFF5
   536                           prodh	equ	0xFF4
   537                           prodl	equ	0xFF3
   538                           intcon	equ	0xFF2
   539                           fsr0h	equ	0xFEA
   540                           fsr0l	equ	0xFE9
   541                           fsr1h	equ	0xFE2
   542                           fsr1l	equ	0xFE1
   543                           fsr2h	equ	0xFDA
   544                           fsr2l	equ	0xFD9


Data Sizes:
    Strings     0
    Constant    0
    Data        0
    BSS         0
    Persistent  0
    Stack       0

Auto Spaces:
    Space          Size  Autos    Used
    COMRAM           94     15      15
    BANK0           160      0       0
    BANK1           256      0       0
    BANK2           256      0       0
    BANK3           256      0       0
    BANK4           256      0       0
    BANK5           256      0       0
    BANK6           256      0       0
    BANK7           256      0       0
    BANK8           256      0       0
    BANK9           256      0       0
    BANK10          256      0       0
    BANK11          256      0       0
    BANK12          256      0       0
    BANK13          256      0       0
    BANK14          244      0       0

Pointer List with Targets:

    None.

Critical Paths under _main in COMRAM

    _main->_configure_timer0_prescale_value

Critical Paths under _ISR in COMRAM

    None.

Critical Paths under _main in BANK0

    None.

Critical Paths under _ISR in BANK0

    None.

Critical Paths under _main in BANK1

    None.

Critical Paths under _ISR in BANK1

    None.

Critical Paths under _main in BANK2

    None.

Critical Paths under _ISR in BANK2

    None.

Critical Paths under _main in BANK3

    None.

Critical Paths under _ISR in BANK3

    None.

Critical Paths under _main in BANK4

    None.

Critical Paths under _ISR in BANK4

    None.

Critical Paths under _main in BANK5

    None.

Critical Paths under _ISR in BANK5

    None.

Critical Paths under _main in BANK6

    None.

Critical Paths under _ISR in BANK6

    None.

Critical Paths under _main in BANK7

    None.

Critical Paths under _ISR in BANK7

    None.

Critical Paths under _main in BANK8

    None.

Critical Paths under _ISR in BANK8

    None.

Critical Paths under _main in BANK9

    None.

Critical Paths under _ISR in BANK9

    None.

Critical Paths under _main in BANK10

    None.

Critical Paths under _ISR in BANK10

    None.

Critical Paths under _main in BANK11

    None.

Critical Paths under _ISR in BANK11

    None.

Critical Paths under _main in BANK12

    None.

Critical Paths under _ISR in BANK12

    None.

Critical Paths under _main in BANK13

    None.

Critical Paths under _ISR in BANK13

    None.

Critical Paths under _main in BANK14

    None.

Critical Paths under _ISR in BANK14

    None.

Call Graph Tables:

 ---------------------------------------------------------------------------------
 (Depth) Function   	        Calls       Base Space   Used Autos Params    Refs
 ---------------------------------------------------------------------------------
 (0) _main                                                 0     0      0      15
    _configure_timer0_prescale_value
                      _enable_timer0
            _enable_timer0_interrupt
                           _led_init
                        _timer0_init
 ---------------------------------------------------------------------------------
 (1) _timer0_init                                          0     0      0       0
 ---------------------------------------------------------------------------------
 (1) _led_init                                             0     0      0       0
 ---------------------------------------------------------------------------------
 (1) _enable_timer0_interrupt                              0     0      0       0
 ---------------------------------------------------------------------------------
 (1) _enable_timer0                                        0     0      0       0
 ---------------------------------------------------------------------------------
 (1) _configure_timer0_prescale_value                      1     1      0      15
                                             14 COMRAM     1     1      0
 ---------------------------------------------------------------------------------
 Estimated maximum stack depth 1
 ---------------------------------------------------------------------------------
 (Depth) Function   	        Calls       Base Space   Used Autos Params    Refs
 ---------------------------------------------------------------------------------
 (2) _ISR                                                 14    14      0       0
                                              0 COMRAM    14    14      0
 ---------------------------------------------------------------------------------
 Estimated maximum stack depth 2
 ---------------------------------------------------------------------------------

 Call Graph Graphs:

 _main (ROOT)
   _configure_timer0_prescale_value
   _enable_timer0
   _enable_timer0_interrupt
   _led_init
   _timer0_init

 _ISR (ROOT)

 Address spaces:
Name               Size   Autos  Total    Cost      Usage
BITCOMRAM           5E      0       0       0        0.0%
EEDATA             400      0       0       0        0.0%
NULL                 0      0       0       0        0.0%
CODE                 0      0       0       0        0.0%
COMRAM              5E      F       F       1       16.0%
STACK                0      0       0       2        0.0%
DATA                 0      0       0       3        0.0%
BITBANK0            A0      0       0       4        0.0%
BANK0               A0      0       0       5        0.0%
ABS                  0      0       0       6        0.0%
BITBANK1           100      0       0       7        0.0%
BANK1              100      0       0       8        0.0%
BITBANK2           100      0       0       9        0.0%
BANK2              100      0       0      10        0.0%
BITBANK3           100      0       0      11        0.0%
BANK3              100      0       0      12        0.0%
BITBANK4           100      0       0      13        0.0%
BANK4              100      0       0      14        0.0%
BITBANK5           100      0       0      15        0.0%
BANK5              100      0       0      16        0.0%
BITBANK6           100      0       0      17        0.0%
BANK6              100      0       0      18        0.0%
BITBANK7           100      0       0      19        0.0%
BANK7              100      0       0      20        0.0%
BITBANK8           100      0       0      21        0.0%
BANK8              100      0       0      22        0.0%
BITBANK9           100      0       0      23        0.0%
BANK9              100      0       0      24        0.0%
BITBANK10          100      0       0      25        0.0%
BANK10             100      0       0      26        0.0%
BITBANK11          100      0       0      27        0.0%
BANK11             100      0       0      28        0.0%
BITBANK12          100      0       0      29        0.0%
BANK12             100      0       0      30        0.0%
BITBANK13          100      0       0      31        0.0%
BANK13             100      0       0      32        0.0%
BITBANK14           F4      0       0      33        0.0%
BANK14              F4      0       0      34        0.0%
BIGRAM             EF3      0       0      35        0.0%
BITSFR_2             0      0       0     200        0.0%
SFR_2                0      0       0     200        0.0%
BITSFR_1             0      0       0     200        0.0%
SFR_1                0      0       0     200        0.0%
BITSFR               0      0       0     200        0.0%
SFR                  0      0       0     200        0.0%


Microchip Technology PIC18 Macro Assembler V1.41 build -162212810 
Symbol Table                                                                                   Wed May 24 14:45:35 2017

                                          l25 009E                                   __CFG_BORV$3 000000  
                                __CFG_CP0$OFF 000000                                  __CFG_CP1$OFF 000000  
                                __CFG_CP2$OFF 000000                                  __CFG_CP3$OFF 000000  
                                __CFG_CP4$OFF 000000                                  __CFG_CP5$OFF 000000  
                                __CFG_CP6$OFF 000000                                  __CFG_CP7$OFF 000000  
                                __CFG_CPB$OFF 000000                                  __CFG_CPD$OFF 000000  
                                         _ISR 0008               __end_of_enable_timer0_interrupt 00CE  
                                        ?_ISR 0001                                          _main 0088  
                                        fsr0h 000FEA                                          fsr1h 000FE2  
                                        fsr2h 000FDA                                          fsr0l 000FE9  
                                        fsr1l 000FE1                                          fsr2l 000FD9  
                                        btemp 0010                                          prodh 000FF4  
                                        prodl 000FF3                                          start 0084  
                               __CFG_IESO$OFF 000000                                 __CFG_MCLRE$ON 000000  
                                ___param_bank 000000                                         ??_ISR 0001  
                               __CFG_RETEN$ON 000000                                         ?_main 0001  
                                       _TMR0H 000FD7                                         _TMR0L 000FD6  
                               __CFG_WRT0$OFF 000000                                 __CFG_WRT1$OFF 000000  
                               __CFG_WRT2$OFF 000000                                 __CFG_WRT3$OFF 000000  
                               __CFG_WRT4$OFF 000000                                __CFG_EBRT0$OFF 000000  
                               __CFG_WRT5$OFF 000000                                __CFG_EBRT1$OFF 000000  
                               __CFG_WRT6$OFF 000000                                __CFG_EBRT2$OFF 000000  
                               __CFG_WRT7$OFF 000000                                __CFG_EBRT3$OFF 000000  
                              __CFG_EBRT4$OFF 000000                                __CFG_FCMEN$OFF 000000  
                              __CFG_EBRT5$OFF 000000                                __CFG_EBRT6$OFF 000000  
                              __CFG_EBRT7$OFF 000000                                 __CFG_WRTB$OFF 000000  
                               __CFG_WRTC$OFF 000000                                 __CFG_WRTD$OFF 000000  
                              __CFG_EBRTB$OFF 000000                                         pclath 000FFA  
                                       tablat 000FF5                               __initialization 00BE  
                                __end_of_main 00A0                                        ??_main 0010  
                               __activetblptr 000000                               __CFG_BBSIZ$BB2K 000000  
                              __CFG_XINST$OFF 000000                              __end_of_led_init 00D2  
                              __CFG_STVREN$ON 000000                                  ?_timer0_init 0001  
                                      tblptrh 000FF7                                        tblptrl 000FF6  
                                      tblptru 000FF8                                    __accesstop 0060  
                     __end_of__initialization 00BE                                 ___rparam_used 000001  
                              __pcstackCOMRAM 0001                               __CFG_PLLCFG$OFF 000000  
                       __end_of_enable_timer0 00D6                      ?_enable_timer0_interrupt 0001  
                                   ?_led_init 0001                               __CFG_PWRTEN$OFF 000000  
                                     __Hparam 0000                                       __Lparam 0000  
                                     __pcinit 00BE                                       __ramtop 0F00  
                        __size_of_timer0_init 0010                                       __ptext0 0088  
                                     __ptext1 00A0                                       __ptext2 00CE  
                                     __ptext3 00C8                                       __ptext4 00D2  
                                     __ptext5 00B0                                     _T0CONbits 000FD5  
                                __size_of_ISR 007C                             __CFG_MSSPMSK$MSK7 000000  
                                  ??_led_init 000F                          end_of_initialization 00BE  
                                   _PORTAbits 000F80                              __CFG_FOSC$INTIO2 000000  
                                   _TRISAbits 000F92                             __CFG_SOSCSEL$HIGH 000000  
                         start_initialization 00BE                                   __end_of_ISR 0084  
            __size_of_enable_timer0_interrupt 0006                             __size_of_led_init 0004  
                           __CFG_CCP2MX$PORTC 000000                                     __pintcode 0008  
                      __size_of_enable_timer0 0004       __end_of_configure_timer0_prescale_value 00BE  
    __size_of_configure_timer0_prescale_value 000E             ??_configure_timer0_prescale_value 000F  
            ?_configure_timer0_prescale_value 0001               _configure_timer0_prescale_value 00B0  
                               ??_timer0_init 000F                             __CFG_ECCPMX$PORTE 000000  
                               _enable_timer0 00D2                                      __Hrparam 0000  
                                    __Lrparam 0000                            __CFG_BOREN$SBORDIS 000000  
                     _enable_timer0_interrupt 00C8                           __end_of_timer0_init 00B0  
                                    _led_init 00CE                                ?_enable_timer0 0001  
                               __size_of_main 0018                           __CFG_RTCOSC$SOSCREF 000000  
                                    int$flags 0010                           __CFG_INTOSCSEL$HIGH 000000  
                          __CFG_WDTEN$SWDTDIS 000000                                    _INTCONbits 000FF2  
                                    intlevel2 0000                     ??_enable_timer0_interrupt 000F  
                          __CFG_WDTPS$1048576 000000                                   _timer0_init 00A0  
configure_timer0_prescale_value@prescaleValue 000F                               ??_enable_timer0 000F  
                         __CFG_BORPWR$ZPBORMV 000000  
